\BOOKMARK [0][-]{chapter.1}{Quantum Mechanics}{}% 1
\BOOKMARK [1][-]{section.1.1}{Definitions}{chapter.1}% 2
\BOOKMARK [2][-]{section*.2}{Spectrum}{section.1.1}% 3
\BOOKMARK [3][-]{section*.5}{Pure State}{section*.2}% 4
\BOOKMARK [4][-]{section*.6}{Expectation value}{section*.5}% 5
\BOOKMARK [4][-]{section*.7}{Lebesgue-Stieltjes Measure}{section*.5}% 6
\BOOKMARK [4][-]{section*.8}{Probability measure}{section*.5}% 7
\BOOKMARK [4][-]{section*.9}{Abstract probability measure}{section*.5}% 8
\BOOKMARK [4][-]{section*.10}{Fluctuations}{section*.5}% 9
\BOOKMARK [4][-]{section*.11}{Eigenstate}{section*.5}% 10
\BOOKMARK [4][-]{section*.12}{Vector ray}{section*.5}% 11
\BOOKMARK [4][-]{section*.13}{L2}{section*.5}% 12
\BOOKMARK [4][-]{section*.14}{Abstract Hilbert space}{section*.5}% 13
\BOOKMARK [4][-]{section*.15}{Linear functionals}{section*.5}% 14
\BOOKMARK [4][-]{section*.16}{Distance in H / C0}{section*.5}% 15
\BOOKMARK [4][-]{section*.17}{Adjoint of an operator}{section*.5}% 16
\BOOKMARK [4][-]{section*.18}{Symmetric operators}{section*.5}% 17
\BOOKMARK [4][-]{section*.19}{Self-adjoint operators}{section*.5}% 18
\BOOKMARK [4][-]{section*.20}{Projectors}{section*.5}% 19
\BOOKMARK [4][-]{section*.21}{Unitary operators}{section*.5}% 20
\BOOKMARK [4][-]{section*.22}{Spectral Family}{section*.5}% 21
\BOOKMARK [4][-]{section*.23}{Probability density function}{section*.5}% 22
\BOOKMARK [4][-]{section*.24}{Gelfand Triple}{section*.5}% 23
\BOOKMARK [4][-]{section*.27}{Mixed State}{section*.5}% 24
\BOOKMARK [4][-]{section*.28}{Representations}{section*.5}% 25
\BOOKMARK [4][-]{section*.29}{Lie group}{section*.5}% 26
\BOOKMARK [4][-]{section*.30}{Lie Algebra}{section*.5}% 27
\BOOKMARK [4][-]{section*.31}{Universal covering group}{section*.5}% 28
\BOOKMARK [4][-]{section*.32}{Experimental measurement}{section*.5}% 29
\BOOKMARK [4][-]{section*.33}{Parity}{section*.5}% 30
\BOOKMARK [4][-]{section*.34}{Compatibility}{section*.5}% 31
\BOOKMARK [4][-]{section*.35}{Families of observables}{section*.5}% 32
\BOOKMARK [4][-]{section*.36}{Tensor product}{section*.5}% 33
\BOOKMARK [4][-]{section*.38}{Symmetries}{section*.5}% 34
\BOOKMARK [4][-]{section*.39}{Angular momentum}{section*.5}% 35
\BOOKMARK [4][-]{section*.40}{Philosophical principles}{section*.5}% 36
\BOOKMARK [1][-]{section.1.2}{Axioms}{chapter.1}% 37
\BOOKMARK [2][-]{section*.41}{States}{section.1.2}% 38
\BOOKMARK [3][-]{section*.42}{Observables}{section*.41}% 39
\BOOKMARK [4][-]{section*.43}{Expectation value}{section*.42}% 40
\BOOKMARK [4][-]{section*.44}{Time evolution}{section*.42}% 41
\BOOKMARK [4][-]{section*.45}{Von Neumann projection}{section*.42}% 42
\BOOKMARK [1][-]{section.1.3}{Theorems}{chapter.1}% 43
\BOOKMARK [2][-]{section*.46}{Riesz-Markov}{section.1.3}% 44
\BOOKMARK [3][-]{section*.47}{Spectral families}{section*.46}% 45
\BOOKMARK [4][-]{section*.48}{Completeness}{section*.47}% 46
\BOOKMARK [4][-]{section*.49}{Wigner}{section*.47}% 47
\BOOKMARK [4][-]{section*.50}{Bargman}{section*.47}% 48
\BOOKMARK [4][-]{section*.51}{Stone}{section*.47}% 49
\BOOKMARK [4][-]{section*.52}{Uncertainty principle}{section*.47}% 50
\BOOKMARK [4][-]{section*.53}{Compatibility}{section*.47}% 51
\BOOKMARK [4][-]{section*.55}{Kato-Rellich}{section*.47}% 52
\BOOKMARK [4][-]{section*.56}{Bloch}{section*.47}% 53
\BOOKMARK [4][-]{section*.57}{Perturbation theory}{section*.47}% 54
\BOOKMARK [1][-]{section.1.4}{Lemmas and observations}{chapter.1}% 55
\BOOKMARK [2][-]{section*.58}{Probability function}{section.1.4}% 56
\BOOKMARK [3][-]{section*.59}{Symmetric operators}{section*.58}% 57
\BOOKMARK [4][-]{section*.61}{On self-adjointness}{section*.59}% 58
\BOOKMARK [4][-]{section*.62}{Domain of H}{section*.59}% 59
\BOOKMARK [4][-]{section*.63}{Invariance of spectrum}{section*.59}% 60
\BOOKMARK [4][-]{section*.64}{Norm of operators}{section*.59}% 61
\BOOKMARK [4][-]{section*.65}{On residual spectrum}{section*.59}% 62
\BOOKMARK [4][-]{section*.66}{Probability measure in diagonal form}{section*.59}% 63
\BOOKMARK [4][-]{section*.67}{Heisenberg approach, and Poisson brackets}{section*.59}% 64
\BOOKMARK [4][-]{section*.68}{Probability current}{section*.59}% 65
\BOOKMARK [4][-]{section*.69}{Tensor product basics}{section*.59}% 66
\BOOKMARK [4][-]{section*.70}{A matrix identity}{section*.59}% 67
\BOOKMARK [4][-]{section*.71}{Representation of translations}{section*.59}% 68
\BOOKMARK [4][-]{section*.72}{Representation of rotations}{section*.59}% 69
\BOOKMARK [4][-]{section*.73}{Properties of angular momentum}{section*.59}% 70
\BOOKMARK [4][-]{section*.74}{Orbital momentum}{section*.59}% 71
\BOOKMARK [4][-]{section*.75}{Spin}{section*.59}% 72
\BOOKMARK [4][-]{section*.77}{Composition of angular momenta}{section*.59}% 73
\BOOKMARK [1][-]{section.1.5}{Specific problems}{chapter.1}% 74
\BOOKMARK [2][-]{section*.79}{Wavepackets and constant potentials}{section.1.5}% 75
\BOOKMARK [3][-]{section*.80}{General 1D potentials, qualitatively}{section*.79}% 76
\BOOKMARK [4][-]{section*.81}{Harmonic oscillator}{section*.80}% 77
\BOOKMARK [4][-]{section*.82}{Two-particle systems and Keplero}{section*.80}% 78
\BOOKMARK [4][-]{section*.85}{Landau levels}{section*.80}% 79
\BOOKMARK [4][-]{section*.86}{Scattering}{section*.80}% 80
\BOOKMARK [4][-]{section*.87}{Nonstationary case}{section*.80}% 81
\BOOKMARK [4][-]{section*.88}{Particle swaps}{section*.80}% 82
\BOOKMARK [4][-]{section*.91}{Aharonov-Bohm}{section*.80}% 83
\BOOKMARK [4][-]{section*.93}{EPR}{section*.80}% 84
\BOOKMARK [0][-]{chapter.2}{Nuclear physics}{}% 85
\BOOKMARK [1][-]{section.2.1}{Introduction}{chapter.2}% 86
\BOOKMARK [1][-]{section.2.2}{Nuclear density}{chapter.2}% 87
\BOOKMARK [1][-]{section.2.3}{Waterdrop model}{chapter.2}% 88
\BOOKMARK [2][-]{section*.95}{Volume term}{section.2.3}% 89
\BOOKMARK [3][-]{section*.96}{Surface term}{section*.95}% 90
\BOOKMARK [4][-]{section*.97}{Coulomb term}{section*.96}% 91
\BOOKMARK [4][-]{section*.98}{Asymmetry term}{section*.96}% 92
\BOOKMARK [4][-]{section*.99}{Pairing term}{section*.96}% 93
\BOOKMARK [4][-]{section*.100}{SEMF}{section*.96}% 94
\BOOKMARK [4][-]{section*.101}{Mass parables}{section*.96}% 95
\BOOKMARK [4][-]{section*.103}{Specular nuclei}{section*.96}% 96
\BOOKMARK [1][-]{section.2.4}{Fermi gas model}{chapter.2}% 97
\BOOKMARK [2][-]{section*.105}{Hypotheses}{section.2.4}% 98
\BOOKMARK [3][-]{section*.106}{1D infinite well}{section*.105}% 99
\BOOKMARK [4][-]{section*.107}{3D potential well}{section*.106}% 100
\BOOKMARK [4][-]{section*.108}{Fermi sea}{section*.106}% 101
\BOOKMARK [4][-]{section*.109}{Isospin}{section*.106}% 102
\BOOKMARK [4][-]{section*.110}{Average kinetic energy}{section*.106}% 103
\BOOKMARK [1][-]{section.2.5}{Nuclear fission}{chapter.2}% 104
\BOOKMARK [2][-]{section*.111}{Ellipsoid deformations}{section.2.5}% 105
\BOOKMARK [3][-]{section*.112}{Nuclear fission}{section*.111}% 106
\BOOKMARK [4][-]{section*.113}{Neutron capture causing change in Z}{section*.112}% 107
\BOOKMARK [4][-]{section*.114}{Neutron capture causing fission}{section*.112}% 108
\BOOKMARK [1][-]{section.2.6}{Nuclear Fusion}{chapter.2}% 109
\BOOKMARK [2][-]{section*.116}{Coulomb barrier}{section.2.6}% 110
\BOOKMARK [1][-]{section.2.7}{Deuton}{chapter.2}% 111
\BOOKMARK [2][-]{section*.118}{Spin coupling}{section.2.7}% 112
\BOOKMARK [1][-]{section.2.8}{Shell model}{chapter.2}% 113
\BOOKMARK [2][-]{section*.119}{Evidence}{section.2.8}% 114
\BOOKMARK [3][-]{section*.120}{Parabolic potential}{section*.119}% 115
\BOOKMARK [4][-]{section*.121}{Woods-Saxon potential}{section*.120}% 116
\BOOKMARK [4][-]{section*.122}{Spin-orbital correction}{section*.120}% 117
\BOOKMARK [4][-]{section*.123}{Other corrections}{section*.120}% 118
\BOOKMARK [4][-]{section*.124}{Excitations}{section*.120}% 119
\BOOKMARK [4][-]{section*.125}{How to calculate the ground state}{section*.120}% 120
\BOOKMARK [1][-]{section.2.9}{Collective model}{chapter.2}% 121
\BOOKMARK [1][-]{section.2.10}{ decay}{chapter.2}% 122
\BOOKMARK [1][-]{section.2.11}{ decay}{chapter.2}% 123
\BOOKMARK [2][-]{section*.127}{Fermi theory}{section.2.11}% 124
\BOOKMARK [3][-]{section*.128}{Fermi's golden rule}{section*.127}% 125
\BOOKMARK [4][-]{section*.129}{State density}{section*.128}% 126
\BOOKMARK [4][-]{section*.130}{Calculation of }{section*.128}% 127
\BOOKMARK [4][-]{section*.131}{Fermi-Kurie plot}{section*.128}% 128
\BOOKMARK [4][-]{section*.132}{Calculating the matrix element}{section*.128}% 129
\BOOKMARK [4][-]{section*.133}{Transition types}{section*.128}% 130
\BOOKMARK [1][-]{section.2.12}{ decay}{chapter.2}% 131
\BOOKMARK [2][-]{section*.134}{Selection rules}{section.2.12}% 132
\BOOKMARK [3][-]{section*.135}{Emitted power}{section*.134}% 133
\BOOKMARK [4][-]{section*.136}{Weisskopf estimations}{section*.135}% 134
\BOOKMARK [4][-]{section*.137}{Experimental methods}{section*.135}% 135
\BOOKMARK [1][-]{section.2.13}{Matter and radiation}{chapter.2}% 136
\BOOKMARK [2][-]{section*.138}{Cross sections}{section.2.13}% 137
\BOOKMARK [3][-]{section*.139}{Photoelectric}{section*.138}% 138
\BOOKMARK [4][-]{section*.140}{Compton}{section*.139}% 139
\BOOKMARK [4][-]{section*.141}{Pair production}{section*.139}% 140
\BOOKMARK [4][-]{section*.142}{ particle energy transfer}{section*.139}% 141
\BOOKMARK [4][-]{section*.143}{Bethe-Bloch}{section*.139}% 142
\BOOKMARK [4][-]{section*.144}{Range}{section*.139}% 143
\BOOKMARK [0][-]{chapter.3}{Quantum Information}{}% 144
\BOOKMARK [1][-]{section.3.1}{The basics}{chapter.3}% 145
\BOOKMARK [2][-]{section*.145}{Qubit}{section.3.1}% 146
\BOOKMARK [3][-]{section*.146}{Entanglement}{section*.145}% 147
\BOOKMARK [4][-]{section*.147}{Quantum gates}{section*.146}% 148
\BOOKMARK [1][-]{section.3.2}{Quantum gates}{chapter.3}% 149
\BOOKMARK [2][-]{section*.148}{Hadamard}{section.3.2}% 150
\BOOKMARK [3][-]{section*.149}{Phase}{section*.148}% 151
\BOOKMARK [4][-]{section*.150}{State generation}{section*.149}% 152
\BOOKMARK [4][-]{section*.151}{Control not}{section*.149}% 153
\BOOKMARK [4][-]{section*.152}{Control phase}{section*.149}% 154
\BOOKMARK [4][-]{section*.153}{Binary function unitarity}{section*.149}% 155
\BOOKMARK [2][-]{subsection.3.2.1}{Parallelism}{section.3.2}% 156
\BOOKMARK [2][-]{subsection.3.2.2}{No cloning}{section.3.2}% 157
